<?xml version="1.0" encoding="UTF-8"?>
<testsuite xmlns:xsi="http://www.w3.org/2001/XMLSchema-instance" xsi:noNamespaceSchemaLocation="https://maven.apache.org/surefire/maven-surefire-plugin/xsd/surefire-test-report-3.0.xsd" version="3.0" name="TestSuite" time="57.133" tests="6" errors="0" skipped="2" failures="0">
  <properties>
    <property name="java.specification.version" value="15"/>
    <property name="webdriver.chrome.driver" value="C:\Users\Dooby\eclipse-workspace\Final-Projects\DataDrivenFramework\src\test\resources\executables\chromedriver.exe"/>
    <property name="sun.cpu.isalist" value="amd64"/>
    <property name="sun.jnu.encoding" value="Cp1252"/>
    <property name="org.uncommons.reportng.escape-output" value="false"/>
    <property name="java.class.path" value="C:\Users\Dooby\eclipse-workspace\Final-Projects\DataDrivenFramework\target\test-classes;C:\Users\Dooby\eclipse-workspace\Final-Projects\DataDrivenFramework\target\classes;C:\Users\Dooby\.m2\repository\org\testng\testng\7.3.0\testng-7.3.0.jar;C:\Users\Dooby\.m2\repository\com\beust\jcommander\1.78\jcommander-1.78.jar;C:\Users\Dooby\.m2\repository\org\apache\ant\ant\1.10.3\ant-1.10.3.jar;C:\Users\Dooby\.m2\repository\org\apache\ant\ant-launcher\1.10.3\ant-launcher-1.10.3.jar;C:\Users\Dooby\.m2\repository\junit\junit\4.12\junit-4.12.jar;C:\Users\Dooby\.m2\repository\org\hamcrest\hamcrest-core\1.3\hamcrest-core-1.3.jar;C:\Users\Dooby\.m2\repository\com\google\inject\guice\4.2.2\guice-4.2.2-no_aop.jar;C:\Users\Dooby\.m2\repository\org\yaml\snakeyaml\1.21\snakeyaml-1.21.jar;C:\Users\Dooby\.m2\repository\org\seleniumhq\selenium\selenium-java\3.141.59\selenium-java-3.141.59.jar;C:\Users\Dooby\.m2\repository\org\seleniumhq\selenium\selenium-api\3.141.59\selenium-api-3.141.59.jar;C:\Users\Dooby\.m2\repository\org\seleniumhq\selenium\selenium-chrome-driver\3.141.59\selenium-chrome-driver-3.141.59.jar;C:\Users\Dooby\.m2\repository\org\seleniumhq\selenium\selenium-edge-driver\3.141.59\selenium-edge-driver-3.141.59.jar;C:\Users\Dooby\.m2\repository\org\seleniumhq\selenium\selenium-firefox-driver\3.141.59\selenium-firefox-driver-3.141.59.jar;C:\Users\Dooby\.m2\repository\org\seleniumhq\selenium\selenium-ie-driver\3.141.59\selenium-ie-driver-3.141.59.jar;C:\Users\Dooby\.m2\repository\org\seleniumhq\selenium\selenium-opera-driver\3.141.59\selenium-opera-driver-3.141.59.jar;C:\Users\Dooby\.m2\repository\org\seleniumhq\selenium\selenium-remote-driver\3.141.59\selenium-remote-driver-3.141.59.jar;C:\Users\Dooby\.m2\repository\org\seleniumhq\selenium\selenium-safari-driver\3.141.59\selenium-safari-driver-3.141.59.jar;C:\Users\Dooby\.m2\repository\org\seleniumhq\selenium\selenium-support\3.141.59\selenium-support-3.141.59.jar;C:\Users\Dooby\.m2\repository\net\bytebuddy\byte-buddy\1.8.15\byte-buddy-1.8.15.jar;C:\Users\Dooby\.m2\repository\org\apache\commons\commons-exec\1.3\commons-exec-1.3.jar;C:\Users\Dooby\.m2\repository\com\google\guava\guava\25.0-jre\guava-25.0-jre.jar;C:\Users\Dooby\.m2\repository\com\google\code\findbugs\jsr305\1.3.9\jsr305-1.3.9.jar;C:\Users\Dooby\.m2\repository\org\checkerframework\checker-compat-qual\2.0.0\checker-compat-qual-2.0.0.jar;C:\Users\Dooby\.m2\repository\com\google\errorprone\error_prone_annotations\2.1.3\error_prone_annotations-2.1.3.jar;C:\Users\Dooby\.m2\repository\com\google\j2objc\j2objc-annotations\1.1\j2objc-annotations-1.1.jar;C:\Users\Dooby\.m2\repository\org\codehaus\mojo\animal-sniffer-annotations\1.14\animal-sniffer-annotations-1.14.jar;C:\Users\Dooby\.m2\repository\com\squareup\okhttp3\okhttp\3.11.0\okhttp-3.11.0.jar;C:\Users\Dooby\.m2\repository\com\squareup\okio\okio\1.14.0\okio-1.14.0.jar;C:\Users\Dooby\.m2\repository\io\github\bonigarcia\webdrivermanager\3.2.0\webdrivermanager-3.2.0.jar;C:\Users\Dooby\.m2\repository\org\slf4j\slf4j-api\1.7.25\slf4j-api-1.7.25.jar;C:\Users\Dooby\.m2\repository\commons-io\commons-io\2.6\commons-io-2.6.jar;C:\Users\Dooby\.m2\repository\com\google\code\gson\gson\2.8.5\gson-2.8.5.jar;C:\Users\Dooby\.m2\repository\org\apache\commons\commons-lang3\3.8.1\commons-lang3-3.8.1.jar;C:\Users\Dooby\.m2\repository\org\apache\httpcomponents\httpclient\4.5.6\httpclient-4.5.6.jar;C:\Users\Dooby\.m2\repository\org\apache\httpcomponents\httpcore\4.4.10\httpcore-4.4.10.jar;C:\Users\Dooby\.m2\repository\commons-codec\commons-codec\1.10\commons-codec-1.10.jar;C:\Users\Dooby\.m2\repository\org\rauschig\jarchivelib\1.0.0\jarchivelib-1.0.0.jar;C:\Users\Dooby\.m2\repository\org\apache\commons\commons-compress\1.18\commons-compress-1.18.jar;C:\Users\Dooby\.m2\repository\org\jsoup\jsoup\1.11.3\jsoup-1.11.3.jar;C:\Users\Dooby\.m2\repository\com\relevantcodes\extentreports\2.41.2\extentreports-2.41.2.jar;C:\Users\Dooby\.m2\repository\org\xerial\sqlite-jdbc\3.8.11.1\sqlite-jdbc-3.8.11.1.jar;C:\Users\Dooby\.m2\repository\org\freemarker\freemarker\2.3.23\freemarker-2.3.23.jar;C:\Users\Dooby\.m2\repository\org\mongodb\mongodb-driver\3.0.4\mongodb-driver-3.0.4.jar;C:\Users\Dooby\.m2\repository\org\mongodb\bson\3.0.4\bson-3.0.4.jar;C:\Users\Dooby\.m2\repository\org\mongodb\mongodb-driver-core\3.0.4\mongodb-driver-core-3.0.4.jar;C:\Users\Dooby\.m2\repository\org\uncommons\reportng\1.1.4\reportng-1.1.4.jar;C:\Users\Dooby\.m2\repository\velocity\velocity\1.4\velocity-1.4.jar;C:\Users\Dooby\.m2\repository\velocity\velocity-dep\1.4\velocity-dep-1.4.jar;C:\Users\Dooby\.m2\repository\com\google\inject\guice\4.1.0\guice-4.1.0.jar;C:\Users\Dooby\.m2\repository\javax\inject\javax.inject\1\javax.inject-1.jar;C:\Users\Dooby\.m2\repository\aopalliance\aopalliance\1.0\aopalliance-1.0.jar;C:\Users\Dooby\.m2\repository\javax\mail\mail\1.4.7\mail-1.4.7.jar;C:\Users\Dooby\.m2\repository\javax\activation\activation\1.1\activation-1.1.jar;C:\Users\Dooby\.m2\repository\mysql\mysql-connector-java\6.0.5\mysql-connector-java-6.0.5.jar;C:\Users\Dooby\.m2\repository\org\apache\poi\poi\3.6\poi-3.6.jar;C:\Users\Dooby\.m2\repository\commons-logging\commons-logging\1.1\commons-logging-1.1.jar;C:\Users\Dooby\.m2\repository\logkit\logkit\1.0.1\logkit-1.0.1.jar;C:\Users\Dooby\.m2\repository\avalon-framework\avalon-framework\4.1.3\avalon-framework-4.1.3.jar;C:\Users\Dooby\.m2\repository\javax\servlet\servlet-api\2.3\servlet-api-2.3.jar;C:\Users\Dooby\.m2\repository\org\apache\poi\poi-ooxml\3.6\poi-ooxml-3.6.jar;C:\Users\Dooby\.m2\repository\dom4j\dom4j\1.1\dom4j-1.1.jar;C:\Users\Dooby\.m2\repository\org\apache\xmlbeans\xmlbeans\2.3.0\xmlbeans-2.3.0.jar;C:\Users\Dooby\.m2\repository\stax\stax-api\1.0.1\stax-api-1.0.1.jar;C:\Users\Dooby\.m2\repository\org\apache\poi\poi-ooxml-schemas\3.6\poi-ooxml-schemas-3.6.jar;C:\Users\Dooby\.m2\repository\org\apache\geronimo\specs\geronimo-stax-api_1.0_spec\1.0\geronimo-stax-api_1.0_spec-1.0.jar;C:\Users\Dooby\.m2\repository\log4j\log4j\1.2.17\log4j-1.2.17.jar;"/>
    <property name="java.vm.vendor" value="Oracle Corporation"/>
    <property name="sun.arch.data.model" value="64"/>
    <property name="user.variant" value=""/>
    <property name="java.vendor.url" value="https://java.oracle.com/"/>
    <property name="user.timezone" value="Asia/Calcutta"/>
    <property name="os.name" value="Windows 10"/>
    <property name="java.vm.specification.version" value="15"/>
    <property name="sun.java.launcher" value="SUN_STANDARD"/>
    <property name="user.country" value="IN"/>
    <property name="sun.boot.library.path" value="C:\Program Files\Java\jdk-15.0.1\bin"/>
    <property name="sun.java.command" value="C:\Users\Dooby\AppData\Local\Temp\surefire3740399072672654131\surefirebooter18122577668325609926.jar C:\Users\Dooby\AppData\Local\Temp\surefire3740399072672654131 2021-04-06T18-33-19_526-jvmRun1 surefire10110842315315774239tmp surefire_01464952412881235770tmp"/>
    <property name="jdk.debug" value="release"/>
    <property name="surefire.test.class.path" value="C:\Users\Dooby\eclipse-workspace\Final-Projects\DataDrivenFramework\target\test-classes;C:\Users\Dooby\eclipse-workspace\Final-Projects\DataDrivenFramework\target\classes;C:\Users\Dooby\.m2\repository\org\testng\testng\7.3.0\testng-7.3.0.jar;C:\Users\Dooby\.m2\repository\com\beust\jcommander\1.78\jcommander-1.78.jar;C:\Users\Dooby\.m2\repository\org\apache\ant\ant\1.10.3\ant-1.10.3.jar;C:\Users\Dooby\.m2\repository\org\apache\ant\ant-launcher\1.10.3\ant-launcher-1.10.3.jar;C:\Users\Dooby\.m2\repository\junit\junit\4.12\junit-4.12.jar;C:\Users\Dooby\.m2\repository\org\hamcrest\hamcrest-core\1.3\hamcrest-core-1.3.jar;C:\Users\Dooby\.m2\repository\com\google\inject\guice\4.2.2\guice-4.2.2-no_aop.jar;C:\Users\Dooby\.m2\repository\org\yaml\snakeyaml\1.21\snakeyaml-1.21.jar;C:\Users\Dooby\.m2\repository\org\seleniumhq\selenium\selenium-java\3.141.59\selenium-java-3.141.59.jar;C:\Users\Dooby\.m2\repository\org\seleniumhq\selenium\selenium-api\3.141.59\selenium-api-3.141.59.jar;C:\Users\Dooby\.m2\repository\org\seleniumhq\selenium\selenium-chrome-driver\3.141.59\selenium-chrome-driver-3.141.59.jar;C:\Users\Dooby\.m2\repository\org\seleniumhq\selenium\selenium-edge-driver\3.141.59\selenium-edge-driver-3.141.59.jar;C:\Users\Dooby\.m2\repository\org\seleniumhq\selenium\selenium-firefox-driver\3.141.59\selenium-firefox-driver-3.141.59.jar;C:\Users\Dooby\.m2\repository\org\seleniumhq\selenium\selenium-ie-driver\3.141.59\selenium-ie-driver-3.141.59.jar;C:\Users\Dooby\.m2\repository\org\seleniumhq\selenium\selenium-opera-driver\3.141.59\selenium-opera-driver-3.141.59.jar;C:\Users\Dooby\.m2\repository\org\seleniumhq\selenium\selenium-remote-driver\3.141.59\selenium-remote-driver-3.141.59.jar;C:\Users\Dooby\.m2\repository\org\seleniumhq\selenium\selenium-safari-driver\3.141.59\selenium-safari-driver-3.141.59.jar;C:\Users\Dooby\.m2\repository\org\seleniumhq\selenium\selenium-support\3.141.59\selenium-support-3.141.59.jar;C:\Users\Dooby\.m2\repository\net\bytebuddy\byte-buddy\1.8.15\byte-buddy-1.8.15.jar;C:\Users\Dooby\.m2\repository\org\apache\commons\commons-exec\1.3\commons-exec-1.3.jar;C:\Users\Dooby\.m2\repository\com\google\guava\guava\25.0-jre\guava-25.0-jre.jar;C:\Users\Dooby\.m2\repository\com\google\code\findbugs\jsr305\1.3.9\jsr305-1.3.9.jar;C:\Users\Dooby\.m2\repository\org\checkerframework\checker-compat-qual\2.0.0\checker-compat-qual-2.0.0.jar;C:\Users\Dooby\.m2\repository\com\google\errorprone\error_prone_annotations\2.1.3\error_prone_annotations-2.1.3.jar;C:\Users\Dooby\.m2\repository\com\google\j2objc\j2objc-annotations\1.1\j2objc-annotations-1.1.jar;C:\Users\Dooby\.m2\repository\org\codehaus\mojo\animal-sniffer-annotations\1.14\animal-sniffer-annotations-1.14.jar;C:\Users\Dooby\.m2\repository\com\squareup\okhttp3\okhttp\3.11.0\okhttp-3.11.0.jar;C:\Users\Dooby\.m2\repository\com\squareup\okio\okio\1.14.0\okio-1.14.0.jar;C:\Users\Dooby\.m2\repository\io\github\bonigarcia\webdrivermanager\3.2.0\webdrivermanager-3.2.0.jar;C:\Users\Dooby\.m2\repository\org\slf4j\slf4j-api\1.7.25\slf4j-api-1.7.25.jar;C:\Users\Dooby\.m2\repository\commons-io\commons-io\2.6\commons-io-2.6.jar;C:\Users\Dooby\.m2\repository\com\google\code\gson\gson\2.8.5\gson-2.8.5.jar;C:\Users\Dooby\.m2\repository\org\apache\commons\commons-lang3\3.8.1\commons-lang3-3.8.1.jar;C:\Users\Dooby\.m2\repository\org\apache\httpcomponents\httpclient\4.5.6\httpclient-4.5.6.jar;C:\Users\Dooby\.m2\repository\org\apache\httpcomponents\httpcore\4.4.10\httpcore-4.4.10.jar;C:\Users\Dooby\.m2\repository\commons-codec\commons-codec\1.10\commons-codec-1.10.jar;C:\Users\Dooby\.m2\repository\org\rauschig\jarchivelib\1.0.0\jarchivelib-1.0.0.jar;C:\Users\Dooby\.m2\repository\org\apache\commons\commons-compress\1.18\commons-compress-1.18.jar;C:\Users\Dooby\.m2\repository\org\jsoup\jsoup\1.11.3\jsoup-1.11.3.jar;C:\Users\Dooby\.m2\repository\com\relevantcodes\extentreports\2.41.2\extentreports-2.41.2.jar;C:\Users\Dooby\.m2\repository\org\xerial\sqlite-jdbc\3.8.11.1\sqlite-jdbc-3.8.11.1.jar;C:\Users\Dooby\.m2\repository\org\freemarker\freemarker\2.3.23\freemarker-2.3.23.jar;C:\Users\Dooby\.m2\repository\org\mongodb\mongodb-driver\3.0.4\mongodb-driver-3.0.4.jar;C:\Users\Dooby\.m2\repository\org\mongodb\bson\3.0.4\bson-3.0.4.jar;C:\Users\Dooby\.m2\repository\org\mongodb\mongodb-driver-core\3.0.4\mongodb-driver-core-3.0.4.jar;C:\Users\Dooby\.m2\repository\org\uncommons\reportng\1.1.4\reportng-1.1.4.jar;C:\Users\Dooby\.m2\repository\velocity\velocity\1.4\velocity-1.4.jar;C:\Users\Dooby\.m2\repository\velocity\velocity-dep\1.4\velocity-dep-1.4.jar;C:\Users\Dooby\.m2\repository\com\google\inject\guice\4.1.0\guice-4.1.0.jar;C:\Users\Dooby\.m2\repository\javax\inject\javax.inject\1\javax.inject-1.jar;C:\Users\Dooby\.m2\repository\aopalliance\aopalliance\1.0\aopalliance-1.0.jar;C:\Users\Dooby\.m2\repository\javax\mail\mail\1.4.7\mail-1.4.7.jar;C:\Users\Dooby\.m2\repository\javax\activation\activation\1.1\activation-1.1.jar;C:\Users\Dooby\.m2\repository\mysql\mysql-connector-java\6.0.5\mysql-connector-java-6.0.5.jar;C:\Users\Dooby\.m2\repository\org\apache\poi\poi\3.6\poi-3.6.jar;C:\Users\Dooby\.m2\repository\commons-logging\commons-logging\1.1\commons-logging-1.1.jar;C:\Users\Dooby\.m2\repository\logkit\logkit\1.0.1\logkit-1.0.1.jar;C:\Users\Dooby\.m2\repository\avalon-framework\avalon-framework\4.1.3\avalon-framework-4.1.3.jar;C:\Users\Dooby\.m2\repository\javax\servlet\servlet-api\2.3\servlet-api-2.3.jar;C:\Users\Dooby\.m2\repository\org\apache\poi\poi-ooxml\3.6\poi-ooxml-3.6.jar;C:\Users\Dooby\.m2\repository\dom4j\dom4j\1.1\dom4j-1.1.jar;C:\Users\Dooby\.m2\repository\org\apache\xmlbeans\xmlbeans\2.3.0\xmlbeans-2.3.0.jar;C:\Users\Dooby\.m2\repository\stax\stax-api\1.0.1\stax-api-1.0.1.jar;C:\Users\Dooby\.m2\repository\org\apache\poi\poi-ooxml-schemas\3.6\poi-ooxml-schemas-3.6.jar;C:\Users\Dooby\.m2\repository\org\apache\geronimo\specs\geronimo-stax-api_1.0_spec\1.0\geronimo-stax-api_1.0_spec-1.0.jar;C:\Users\Dooby\.m2\repository\log4j\log4j\1.2.17\log4j-1.2.17.jar;"/>
    <property name="sun.cpu.endian" value="little"/>
    <property name="user.home" value="C:\Users\Dooby"/>
    <property name="user.language" value="en"/>
    <property name="java.specification.vendor" value="Oracle Corporation"/>
    <property name="java.version.date" value="2020-10-20"/>
    <property name="java.home" value="C:\Program Files\Java\jdk-15.0.1"/>
    <property name="file.separator" value="\"/>
    <property name="basedir" value="C:\Users\Dooby\eclipse-workspace\Final-Projects\DataDrivenFramework"/>
    <property name="java.vm.compressedOopsMode" value="32-bit"/>
    <property name="line.separator" value="&#10;"/>
    <property name="java.vm.specification.vendor" value="Oracle Corporation"/>
    <property name="java.specification.name" value="Java Platform API Specification"/>
    <property name="surefire.real.class.path" value="C:\Users\Dooby\AppData\Local\Temp\surefire3740399072672654131\surefirebooter18122577668325609926.jar"/>
    <property name="user.script" value=""/>
    <property name="sun.management.compiler" value="HotSpot 64-Bit Tiered Compilers"/>
    <property name="java.runtime.version" value="15.0.1+9-18"/>
    <property name="user.name" value="Dooby"/>
    <property name="path.separator" value=";"/>
    <property name="os.version" value="10.0"/>
    <property name="java.runtime.name" value="Java(TM) SE Runtime Environment"/>
    <property name="file.encoding" value="Cp1252"/>
    <property name="java.vm.name" value="Java HotSpot(TM) 64-Bit Server VM"/>
    <property name="localRepository" value="C:\Users\Dooby\.m2\repository"/>
    <property name="java.vendor.url.bug" value="https://bugreport.java.com/bugreport/"/>
    <property name="java.io.tmpdir" value="C:\Users\Dooby\AppData\Local\Temp\"/>
    <property name="java.version" value="15.0.1"/>
    <property name="user.dir" value="C:\Users\Dooby\eclipse-workspace\Final-Projects\DataDrivenFramework"/>
    <property name="os.arch" value="amd64"/>
    <property name="java.vm.specification.name" value="Java Virtual Machine Specification"/>
    <property name="sun.os.patch.level" value=""/>
    <property name="java.library.path" value="C:\Program Files\Java\jdk-15.0.1\bin;C:\WINDOWS\Sun\Java\bin;C:\WINDOWS\system32;C:\WINDOWS;C:\Program Files\Java\jdk-15.0.1/bin;C:\Program Files\Java\jdk-15.0.1/bin;C:\Program Files\Java\jdk-15.0.1\bin;C:\Program Files\NVIDIA Corporation\NVIDIA NvDLISR;C:\apache-maven-3.6.3\bin;C:\Program Files\Git\cmd;;."/>
    <property name="java.vm.info" value="mixed mode, sharing"/>
    <property name="java.vendor" value="Oracle Corporation"/>
    <property name="java.vm.version" value="15.0.1+9-18"/>
    <property name="sun.io.unicode.encoding" value="UnicodeLittle"/>
    <property name="java.class.version" value="59.0"/>
  </properties>
  <testcase name="bankManagerLoginTest" classname="com.dooby.testCases.BankManagerLoginTest" time="7.067">
    <system-out><![CDATA[inside try catche

]]></system-out>
    <system-err><![CDATA[Starting ChromeDriver 89.0.4389.23 (61b08ee2c50024bab004e48d2b1b083cdbdac579-refs/branch-heads/4389@{#294}) on port 27919
Only local connections are allowed.
Please see https://chromedriver.chromium.org/security-considerations for suggestions on keeping ChromeDriver safe.
ChromeDriver was started successfully.
Apr 06, 2021 6:33:22 PM org.openqa.selenium.remote.ProtocolHandshake createSession
INFO: Detected dialect: W3C
]]></system-err>
  </testcase>
  <testcase name="addCustomerTest[{Postcode=221002.0, Fname=Pooja, runmode=Y, Lastname=Dubey, AlertText=Customer added successfully}](1)" classname="com.dooby.testCases.AddCustomerTest" time="7.838">
    <system-out><![CDATA[DEBUG: JavaMail version 1.4.7
DEBUG: successfully loaded resource: /META-INF/javamail.default.providers
DEBUG: Tables of loaded providers
DEBUG: Providers Listed By Class Name: {com.sun.mail.smtp.SMTPSSLTransport=javax.mail.Provider[TRANSPORT,smtps,com.sun.mail.smtp.SMTPSSLTransport,Oracle], com.sun.mail.smtp.SMTPTransport=javax.mail.Provider[TRANSPORT,smtp,com.sun.mail.smtp.SMTPTransport,Oracle], com.sun.mail.imap.IMAPSSLStore=javax.mail.Provider[STORE,imaps,com.sun.mail.imap.IMAPSSLStore,Oracle], com.sun.mail.pop3.POP3SSLStore=javax.mail.Provider[STORE,pop3s,com.sun.mail.pop3.POP3SSLStore,Oracle], com.sun.mail.imap.IMAPStore=javax.mail.Provider[STORE,imap,com.sun.mail.imap.IMAPStore,Oracle], com.sun.mail.pop3.POP3Store=javax.mail.Provider[STORE,pop3,com.sun.mail.pop3.POP3Store,Oracle]}
DEBUG: Providers Listed By Protocol: {imaps=javax.mail.Provider[STORE,imaps,com.sun.mail.imap.IMAPSSLStore,Oracle], imap=javax.mail.Provider[STORE,imap,com.sun.mail.imap.IMAPStore,Oracle], smtps=javax.mail.Provider[TRANSPORT,smtps,com.sun.mail.smtp.SMTPSSLTransport,Oracle], pop3=javax.mail.Provider[STORE,pop3,com.sun.mail.pop3.POP3Store,Oracle], pop3s=javax.mail.Provider[STORE,pop3s,com.sun.mail.pop3.POP3SSLStore,Oracle], smtp=javax.mail.Provider[TRANSPORT,smtp,com.sun.mail.smtp.SMTPTransport,Oracle]}
DEBUG: successfully loaded resource: /META-INF/javamail.default.address.map
Sucessfully Sent mail to All Users
addCustomerTest  5  5
In Tets Utility to check data ::::: {Postcode=221002.0, Fname=Pooja, runmode=Y, Lastname=Dubey, AlertText=Customer added successfully}
Getting hashData from HashTable ::::: Y : Pooja : Dubey : 221002.0 : Customer added successfully
]]></system-out>
  </testcase>
  <testcase name="addCustomerTest[{Postcode=221003.0, Fname=Pooja2, runmode=N, Lastname=Dubey, AlertText=Customer added successfully}](2)" classname="com.dooby.testCases.AddCustomerTest" time="0">
    <skipped message="Skipping the test case as the Run mode for data set is NO !!!"/>
    <system-out><![CDATA[Getting hashData from HashTable ::::: N : Pooja2 : Dubey : 221003.0 : Customer added successfully
]]></system-out>
  </testcase>
  <testcase name="addCustomerTest[{Postcode=221004.0, Fname=Pooja3, runmode=Y, Lastname=Dubey, AlertText=Customer added successfully}](3)" classname="com.dooby.testCases.AddCustomerTest" time="7.579">
    <system-out><![CDATA[Getting hashData from HashTable ::::: Y : Pooja3 : Dubey : 221004.0 : Customer added successfully
]]></system-out>
  </testcase>
  <testcase name="addCustomerTest[{Postcode=221005.0, Fname=Pooja4, runmode=Y, Lastname=Dubey, AlertText=Customer added successfully}](4)" classname="com.dooby.testCases.AddCustomerTest" time="7.597">
    <system-out><![CDATA[Getting hashData from HashTable ::::: Y : Pooja4 : Dubey : 221005.0 : Customer added successfully
]]></system-out>
  </testcase>
  <testcase name="openAccountTest[{Currency=Pound, Customer=Pooja Dubey}](1)" classname="com.dooby.testCases.OpenAccountTest" time="0">
    <skipped message="Skipping the Test Case openAccountTest As the run mode is NO"/>
    <system-out><![CDATA[Sucessfully Sent mail to All Users
openAccountTest  2  2
In Tets Utility to check data ::::: {Currency=Pound, Customer=Pooja Dubey}
]]></system-out>
  </testcase>
</testsuite>