<?xml version="1.0" encoding="UTF-8"?>
<!-- Generated by org.testng.reporters.JUnitReportReporter -->
<testsuite hostname="Dooby" failures="0" tests="1" name="com.dooby.testCases.OpenAccountTest" time="0.000" errors="0" timestamp="2021-04-06T21:08:50 IST" skipped="1">
  <testcase classname="com.dooby.testCases.OpenAccountTest" name="openAccountTest" time="0.000">
    <skipped/>
  </testcase> <!-- openAccountTest -->
  <system-out/>
</testsuite> <!-- com.dooby.testCases.OpenAccountTest -->
