<?xml version="1.0" encoding="UTF-8"?>
<!-- Generated by org.testng.reporters.JUnitReportReporter -->
<testsuite hostname="Dooby" failures="0" tests="4" name="com.dooby.testCases.AddCustomerTest" time="23.843" errors="0" timestamp="2021-04-06T18:34:17 IST" skipped="1">
  <testcase classname="com.dooby.testCases.AddCustomerTest" name="addCustomerTest" time="7.213"/>
  <system-out/>
  <testcase classname="com.dooby.testCases.AddCustomerTest" name="addCustomerTest" time="7.218"/>
  <system-out/>
  <testcase classname="com.dooby.testCases.AddCustomerTest" name="addCustomerTest" time="7.411"/>
  <system-out/>
  <testcase classname="com.dooby.testCases.AddCustomerTest" name="addCustomerTest" time="2.001">
    <skipped/>
  </testcase> <!-- addCustomerTest -->
  <system-out/>
</testsuite> <!-- com.dooby.testCases.AddCustomerTest -->
