<?xml version="1.0" encoding="UTF-8"?>
<!-- Generated by org.testng.reporters.JUnitReportReporter -->
<testsuite hostname="Dooby" failures="0" tests="4" name="com.dooby.testCases.AddCustomerTest" time="23.915" errors="0" timestamp="2021-04-06T21:08:50 IST" skipped="1">
  <testcase classname="com.dooby.testCases.AddCustomerTest" name="addCustomerTest" time="7.305"/>
  <system-out/>
  <testcase classname="com.dooby.testCases.AddCustomerTest" name="addCustomerTest" time="7.298"/>
  <system-out/>
  <testcase classname="com.dooby.testCases.AddCustomerTest" name="addCustomerTest" time="2.001">
    <skipped/>
  </testcase> <!-- addCustomerTest -->
  <system-out/>
  <testcase classname="com.dooby.testCases.AddCustomerTest" name="addCustomerTest" time="7.311"/>
  <system-out/>
</testsuite> <!-- com.dooby.testCases.AddCustomerTest -->
