<?xml version="1.0" encoding="UTF-8"?>
<!-- Generated by org.testng.reporters.JUnitReportReporter -->
<testsuite hostname="Dooby" failures="0" tests="1" name="com.dooby.testCases.BankManagerLoginTest" time="3.217" errors="0" timestamp="2021-04-06T21:08:50 IST" skipped="0">
  <testcase classname="com.dooby.testCases.BankManagerLoginTest" name="bankManagerLoginTest" time="3.217"/>
  <system-out>
Click to see the Screenshot <br>Verification Failure: expected [xyx] but found [yzy]<br> <a target="_blank" href=C:\Users\Dooby\eclipse-workspace\Final-Projects\DataDrivenFramework\target\surefire-reports\html\Protractor_practice_website_-_Banking_AppTue_Apr_06_21_07_53_IST_2021.jpg><img src=C:\Users\Dooby\eclipse-workspace\Final-Projects\DataDrivenFramework\target\surefire-reports\html\Protractor_practice_website_-_Banking_AppTue_Apr_06_21_07_53_IST_2021.jpg height = 400 width = 600></img></a> <br> <br>  </system-out>
</testsuite> <!-- com.dooby.testCases.BankManagerLoginTest -->
